[LOG] System::create                           : Header version = 2.00.08. Current version = 2.00.08.
[LOG] Manager::init                            : maxchannels = 256 studioflags = 00000006 flags 00000000 extradriverdata (nil).
[LOG] SystemI::init                            : Initialize version=20008 (108014), maxchannels=256, flags=0x00020000
[LOG] SystemI::setOutputInternal               : Setting output to 'FMOD PulseAudio Output'
[LOG] OutputPulseAudio::registerLib            : Loaded PulseAudio version 13.99.0.
[LOG] OutputPulseAudio::enumOutput             : Found output device NAME:alsa_output.pci-0000_00_1f.3.analog-stereo DESC:Áudio Interno Estéreo Analógico CHANNELS:2 RATE:44100.
[LOG] OutputPulseAudio::enumInput              : Found input device NAME:alsa_output.pci-0000_00_1f.3.analog-stereo.monitor DESC:Monitor of Áudio Interno Estéreo Analógico CHANNELS:2 RATE:44100.
[LOG] OutputPulseAudio::enumInput              : Found input device NAME:alsa_input.pci-0000_00_1f.3.analog-stereo DESC:Áudio Interno Estéreo Analógico CHANNELS:2 RATE:44100.
[LOG] Thread::initThread                       : Init FMOD stream thread. Priority: 2, Stack Size: 98304, Semaphore: No, Sleep Time: 10, Looping: Yes.
[WRN] FMOD_OS_Thread_Callback                  : Cannot set real-time thread priorities due to insufficient privileges
[LOG] Thread::initThread                       : Init FMOD mixer thread. Priority: 3, Stack Size: 81920, Semaphore: Yes, Sleep Time: 0, Looping: Yes.
[WRN] FMOD_OS_Thread_Callback                  : Cannot set real-time thread priorities due to insufficient privileges
[LOG] AsyncManager::init                       : manager 0x240714a6ac08 isAsync 0 updatePeriod 0,02
[LOG] AsyncManager::init                       : done
[LOG] PlaybackSystem::init                     : 
[LOG] Thread::initThread                       : Init FMOD Studio sample load thread. Priority: 0, Stack Size: 98304, Semaphore: No, Sleep Time: 1, Looping: No.
[WRN] FMOD_OS_Thread_Callback                  : Cannot set real-time thread priorities due to insufficient privileges
[LOG] PlaybackSystem::init                     : done
[LOG] Thread::initThread                       : Init FMOD Studio bank load thread. Priority: 0, Stack Size: 98304, Semaphore: No, Sleep Time: 1, Looping: No.
[WRN] FMOD_OS_Thread_Callback                  : Cannot set real-time thread priorities due to insufficient privileges
[LOG] Manager::init                            : done.
[WRN] OutputPulseAudio::streamUnderflowCallback : Buffer underrun detected in PulseAudio.
[LOG] OutputPulseAudio::streamUnderflowCallback : Increasing buffer size - new block count = 5.
[WRN] OutputPulseAudio::streamUnderflowCallback : Buffer underrun detected in PulseAudio.
[LOG] OutputPulseAudio::streamUnderflowCallback : Increasing buffer size - new block count = 6.
[WRN] OutputPulseAudio::streamUnderflowCallback : Buffer underrun detected in PulseAudio.
[LOG] OutputPulseAudio::streamUnderflowCallback : Increasing buffer size - new block count = 7.
[WRN] OutputPulseAudio::streamUnderflowCallback : Buffer underrun detected in PulseAudio.
[LOG] OutputPulseAudio::streamUnderflowCallback : Increasing buffer size - new block count = 8.
[WRN] OutputPulseAudio::streamUnderflowCallback : Buffer underrun detected in PulseAudio.
[WRN] OutputPulseAudio::streamUnderflowCallback : Buffer underrun detected in PulseAudio.
[WRN] OutputPulseAudio::streamUnderflowCallback : Buffer underrun detected in PulseAudio.
[WRN] OutputPulseAudio::streamUnderflowCallback : Buffer underrun detected in PulseAudio.
[WRN] OutputPulseAudio::streamUnderflowCallback : Buffer underrun detected in PulseAudio.
[WRN] OutputPulseAudio::streamUnderflowCallback : Buffer underrun detected in PulseAudio.
[WRN] OutputPulseAudio::streamUnderflowCallback : Buffer underrun detected in PulseAudio.
[WRN] OutputPulseAudio::streamUnderflowCallback : Buffer underrun detected in PulseAudio.
[WRN] OutputPulseAudio::streamUnderflowCallback : Buffer underrun detected in PulseAudio.
[WRN] OutputPulseAudio::streamUnderflowCallback : Buffer underrun detected in PulseAudio.
[WRN] OutputPulseAudio::streamUnderflowCallback : Buffer underrun detected in PulseAudio.
